2024-03-17 18:29:10:2910 [32minfo[39m: [32m5000[39m
2024-03-17 18:36:39:3639 [32minfo[39m: [32m5000[39m
2024-03-17 18:36:52:3652 [32minfo[39m: [32mServer started on PORT 5000...[39m
2024-03-17 18:37:13:3713 [32minfo[39m: [32mServer started on PORT 5000...[39m
2024-03-17 18:37:16:3716 [32minfo[39m: [32mServer started on PORT 5000...[39m
2024-03-17 18:37:36:3736 [32minfo[39m: [32mServer started on PORT 5000...[39m
2024-03-17 18:40:59:4059 [32minfo[39m: [32mServer started on PORT 5000...[39m
2024-03-17 18:41:15:4115 [32minfo[39m: [32mServer started on PORT 5000...[39m
2024-03-17 18:41:24:4124 [32minfo[39m: [32mServer started on PORT 5000...[39m
2024-03-17 18:41:37:4137 [32minfo[39m: [32mServer started on PORT 5000...[39m
2024-03-17 18:41:53:4153 [32minfo[39m: [32mServer started on PORT 5000...[39m
2024-03-17 18:42:11:4211 [32minfo[39m: [32mServer started on PORT 5000...[39m
2024-03-17 18:42:22:4222 [32minfo[39m: [32mServer started on PORT 5000...[39m
2024-03-17 18:42:34:4234 [32minfo[39m: [32mServer started on PORT 5000...[39m
2024-03-17 18:42:43:4243 [32minfo[39m: [32mServer started on PORT 5000...[39m
2024-03-17 18:42:49:4249 [32minfo[39m: [32mServer started on PORT 5000...[39m
2024-03-17 18:43:02:432 [32minfo[39m: [32mServer started on PORT 5000...[39m
2024-03-17 18:43:42:4342 [32minfo[39m: [32mServer started on PORT 5000...[39m
2024-03-17 18:51:24:5124 [32minfo[39m: [32mServer started on PORT 5000...[39m
2024-03-17 19:02:40:240 [33mwarn[39m: [33mWarning[39m
2024-03-17 19:02:40:240 [37mdebug[39m: [37mDebug[39m
2024-03-17 19:02:40:240 [32minfo[39m: [32mServer started on PORT 5000...[39m
2024-03-17 19:40:30:4030 [33mwarn[39m: [33mWarning[39m
2024-03-17 19:40:30:4030 [37mdebug[39m: [37mDebug[39m
2024-03-17 19:40:31:4031 [32minfo[39m: [32mServer started on PORT 5000...[39m
2024-03-17 19:45:50:4550 [33mwarn[39m: [33mWarning[39m
2024-03-17 19:45:50:4550 [37mdebug[39m: [37mDebug[39m
2024-03-17 19:47:09:479 [33mwarn[39m: [33mWarning[39m
2024-03-17 19:47:09:479 [37mdebug[39m: [37mDebug[39m
2024-03-17 19:47:09:479 [32minfo[39m: [32mServer started on PORT 5000...[39m
2024-03-17 19:50:22:5022 [33mwarn[39m: [33mWarning[39m
2024-03-17 19:50:22:5022 [37mdebug[39m: [37mDebug[39m
2024-03-17 19:50:23:5023 [32minfo[39m: [32mServer started on PORT 5000...[39m
2024-03-17 19:54:26:5426 [33mwarn[39m: [33mWarning[39m
2024-03-17 19:54:26:5426 [37mdebug[39m: [37mDebug[39m
2024-03-17 19:54:26:5426 [32minfo[39m: [32mServer started on PORT 5000...[39m
2024-03-17 19:58:27:5827 [33mwarn[39m: [33mWarning[39m
2024-03-17 19:58:27:5827 [37mdebug[39m: [37mDebug[39m
2024-03-17 19:58:27:5827 [32minfo[39m: [32mServer started on PORT 5000...[39m
2024-03-17 19:59:23:5923 [33mwarn[39m: [33mWarning[39m
2024-03-17 19:59:23:5923 [37mdebug[39m: [37mDebug[39m
2024-03-17 19:59:23:5923 [32minfo[39m: [32mServer started on PORT 5000...[39m
2024-03-17 20:01:24:124 [31merror[39m: [31mError: This is a simulated error[39m
2024-03-17 20:01:24:124 [33mwarn[39m: [33mWarning[39m
2024-03-17 20:01:24:124 [37mdebug[39m: [37mDebug[39m
2024-03-17 20:01:24:124 [32minfo[39m: [32mServer started on PORT 5000...[39m
2024-03-17 20:05:03:53 [31merror[39m: [31mError: This is a simulated error[39m
2024-03-17 20:05:03:53 [33mwarn[39m: [33mWarning[39m
2024-03-17 20:05:03:53 [37mdebug[39m: [37mDebug[39m
2024-03-17 20:05:03:53 [32minfo[39m: [32mServer started on PORT 5000...[39m
2024-03-17 20:09:02:92 [31merror[39m: [31mError: This is a simulated error[39m
2024-03-17 20:09:02:92 [33mwarn[39m: [33mWarning[39m
2024-03-17 20:09:02:92 [37mdebug[39m: [37mDebug[39m
2024-03-17 20:09:02:92 [32minfo[39m: [32mServer started on PORT 5000...[39m
2024-03-18 09:40:17:4017 [31merror[39m: [31mError: This is a simulated error[39m
2024-03-18 09:40:17:4017 [31merror[39m: [31merror[39m
2024-03-18 09:40:18:4018 [32minfo[39m: [32mServer started on PORT 5000...[39m
2024-03-18 09:40:42:4042 [31merror[39m: [31mError: This is a simulated error[39m
2024-03-18 09:40:42:4042 [32minfo[39m: [32mServer started on PORT 5000...[39m
2024-03-18 09:49:22:4922 [31merror[39m: [31mError: This is a simulated error[39m
2024-03-18 09:49:22:4922 [32minfo[39m: [32mServer started on PORT 5000...[39m
2024-03-18 09:55:03:553 [31merror[39m: [31mError: This is a simulated error[39m
2024-03-18 09:55:05:555 [31merror[39m: [31mError: This is a simulated error[39m
2024-03-18 09:55:05:555 [32minfo[39m: [32mServer started on PORT 5000...[39m
2024-03-18 09:55:56:5556 [31merror[39m: [31mError: This is a simulated error[39m
2024-03-18 09:55:57:5557 [32minfo[39m: [32mServer started on PORT 5000...[39m
2024-03-18 10:12:23:1223 [35mhttp[39m: [35m::1 GET /undefined 404 148 - 2.891 ms[39m
[35m[39m
2024-03-18 10:18:57:1857 [35mhttp[39m: [35m::1 PUT /api/cart/61 404 150 - 0.509 ms[39m
[35m[39m
2024-03-18 10:20:24:2024 [31merror[39m: [31mError: This is a simulated error[39m
2024-03-18 10:20:25:2025 [32minfo[39m: [32mServer started on PORT 5000...[39m
2024-03-18 10:22:00:220 [31merror[39m: [31mError: This is a simulated error[39m
2024-03-18 10:22:00:220 [32minfo[39m: [32mServer started on PORT 5000...[39m
2024-03-18 10:23:56:2356 [31merror[39m: [31mError: This is a simulated error[39m
2024-03-18 10:23:57:2357 [32minfo[39m: [32mServer started on PORT 5000...[39m
2024-03-18 10:25:22:2522 [31merror[39m: [31mError: This is a simulated error[39m
2024-03-18 10:25:23:2523 [32minfo[39m: [32mServer started on PORT 5000...[39m
2024-03-18 10:25:44:2544 [32minfo[39m: [32mServer started on PORT 5000...[39m
2024-03-18 10:27:34:2734 [32minfo[39m: [32mServer started on PORT 5000...[39m
2024-03-18 10:28:54:2854 [32minfo[39m: [32mServer started on PORT 5000...[39m
2024-03-18 10:33:42:3342 [32minfo[39m: [32mServer started on PORT 5000...[39m
2024-03-18 11:55:27:5527 [35mhttp[39m: [35m::1 GET /undefined 404 148 - 1.670 ms[39m
[35m[39m
2024-03-18 13:26:58:2658 [35mhttp[39m: [35m::1 GET /undefined 404 148 - 1.921 ms[39m
[35m[39m
2024-03-18 13:27:00:270 [35mhttp[39m: [35m::1 GET /undefined 404 148 - 0.341 ms[39m
[35m[39m
2024-03-18 13:33:21:3321 [35mhttp[39m: [35m::1 GET /undefined 404 148 - 0.514 ms[39m
[35m[39m
2024-03-18 13:36:07:367 [35mhttp[39m: [35m::1 GET /undefined 404 148 - 2.029 ms[39m
[35m[39m
2024-03-18 13:36:13:3613 [35mhttp[39m: [35m::1 GET /undefined 404 148 - 0.348 ms[39m
[35m[39m
2024-03-18 13:36:18:3618 [35mhttp[39m: [35m::1 GET /undefined 404 148 - 1.775 ms[39m
[35m[39m
2024-03-18 13:37:23:3723 [35mhttp[39m: [35m::1 GET /undefined 404 148 - 0.250 ms[39m
[35m[39m
2024-03-18 13:37:25:3725 [35mhttp[39m: [35m::1 GET /undefined 404 148 - 3.437 ms[39m
[35m[39m
2024-03-18 13:37:44:3744 [35mhttp[39m: [35m::1 GET /undefined 404 148 - 0.408 ms[39m
[35m[39m
2024-03-18 13:38:30:3830 [35mhttp[39m: [35m::1 GET /undefined 404 148 - 0.316 ms[39m
[35m[39m
2024-03-18 13:38:34:3834 [35mhttp[39m: [35m::1 GET /undefined 404 148 - 0.299 ms[39m
[35m[39m
2024-03-18 13:46:04:464 [35mhttp[39m: [35m::1 GET /undefined 404 148 - 1.002 ms[39m
[35m[39m
2024-03-18 13:46:18:4618 [35mhttp[39m: [35m::1 GET /undefined 404 148 - 0.405 ms[39m
[35m[39m
2024-03-18 13:48:35:4835 [35mhttp[39m: [35m::1 GET /undefined 404 148 - 0.972 ms[39m
[35m[39m
2024-03-18 13:49:42:4942 [35mhttp[39m: [35m::1 GET /undefined 404 148 - 0.257 ms[39m
[35m[39m
2024-03-18 13:49:46:4946 [35mhttp[39m: [35m::1 GET /undefined 404 148 - 0.338 ms[39m
[35m[39m
2024-03-18 13:49:50:4950 [35mhttp[39m: [35m::1 GET /undefined 404 148 - 0.295 ms[39m
[35m[39m
2024-03-18 13:50:04:504 [35mhttp[39m: [35m::1 GET /undefined 404 148 - 0.255 ms[39m
[35m[39m
2024-03-18 13:58:15:5815 [35mhttp[39m: [35m::1 GET /undefined 404 148 - 0.320 ms[39m
[35m[39m
2024-03-18 20:19:08:198 [32minfo[39m: [32mServer started on PORT 5000...[39m
2024-03-18 20:27:19:2719 [35mhttp[39m: [35m::1 GET /undefined 404 148 - 2.050 ms[39m
[35m[39m
2024-03-18 20:28:24:2824 [35mhttp[39m: [35m::1 GET /undefined 404 148 - 1.453 ms[39m
[35m[39m
2024-03-18 20:28:30:2830 [35mhttp[39m: [35m::1 GET /undefined 404 148 - 1.690 ms[39m
[35m[39m
2024-03-18 20:29:31:2931 [35mhttp[39m: [35m::1 GET /undefined 404 148 - 0.361 ms[39m
[35m[39m
2024-03-18 20:29:35:2935 [35mhttp[39m: [35m::1 GET /undefined 404 148 - 0.479 ms[39m
[35m[39m
2024-03-18 20:29:38:2938 [35mhttp[39m: [35m::1 GET /undefined 404 148 - 5.743 ms[39m
[35m[39m
2024-03-18 20:31:08:318 [35mhttp[39m: [35m::1 GET /undefined 404 148 - 0.463 ms[39m
[35m[39m
2024-03-18 20:31:50:3150 [35mhttp[39m: [35m::1 GET /undefined 404 148 - 0.342 ms[39m
[35m[39m
2024-03-18 20:31:52:3152 [35mhttp[39m: [35m::1 GET /undefined 404 148 - 1.252 ms[39m
[35m[39m
2024-03-18 20:32:27:3227 [35mhttp[39m: [35m::1 GET /undefined 404 148 - 0.622 ms[39m
[35m[39m
2024-03-18 20:32:30:3230 [35mhttp[39m: [35m::1 GET /undefined 404 148 - 0.316 ms[39m
[35m[39m
2024-03-18 20:32:40:3240 [35mhttp[39m: [35m::1 GET /undefined 404 148 - 0.344 ms[39m
[35m[39m
2024-03-18 20:34:03:343 [35mhttp[39m: [35m::1 GET /undefined 404 148 - 0.661 ms[39m
[35m[39m
2024-03-18 20:34:25:3425 [35mhttp[39m: [35m::1 GET /undefined 404 148 - 0.385 ms[39m
[35m[39m
2024-03-18 20:36:09:369 [35mhttp[39m: [35m::1 GET /undefined 404 148 - 0.641 ms[39m
[35m[39m
2024-03-18 20:38:20:3820 [35mhttp[39m: [35m::1 GET /undefined 404 148 - 0.285 ms[39m
[35m[39m
2024-03-18 20:38:23:3823 [35mhttp[39m: [35m::1 GET /undefined 404 148 - 0.401 ms[39m
[35m[39m
2024-03-18 20:38:33:3833 [35mhttp[39m: [35m::1 GET /undefined 404 148 - 0.454 ms[39m
[35m[39m
2024-03-18 20:38:36:3836 [35mhttp[39m: [35m::1 GET /undefined 404 148 - 0.269 ms[39m
[35m[39m
2024-03-18 20:39:10:3910 [35mhttp[39m: [35m::1 GET /undefined 404 148 - 0.318 ms[39m
[35m[39m
2024-03-18 20:40:30:4030 [35mhttp[39m: [35m::1 GET /undefined 404 148 - 0.311 ms[39m
[35m[39m
2024-03-18 20:40:35:4035 [35mhttp[39m: [35m::1 GET /undefined 404 148 - 0.283 ms[39m
[35m[39m
2024-03-18 20:40:37:4037 [35mhttp[39m: [35m::1 GET /undefined 404 148 - 0.305 ms[39m
[35m[39m
2024-03-18 20:40:46:4046 [35mhttp[39m: [35m::1 GET /undefined 404 148 - 0.304 ms[39m
[35m[39m
2024-03-18 20:40:47:4047 [35mhttp[39m: [35m::1 GET /undefined 404 148 - 0.290 ms[39m
[35m[39m
2024-03-18 20:40:52:4052 [35mhttp[39m: [35m::1 GET /undefined 404 148 - 0.264 ms[39m
[35m[39m
2024-03-18 20:41:10:4110 [35mhttp[39m: [35m::1 GET /undefined 404 148 - 0.253 ms[39m
[35m[39m
2024-03-18 20:41:16:4116 [35mhttp[39m: [35m::1 GET /undefined 404 148 - 2.606 ms[39m
[35m[39m
2024-03-18 20:41:33:4133 [35mhttp[39m: [35m::1 GET /undefined 404 148 - 0.286 ms[39m
[35m[39m
2024-03-18 20:41:57:4157 [35mhttp[39m: [35m::1 GET /undefined 404 148 - 0.274 ms[39m
[35m[39m
2024-03-18 20:46:46:4646 [35mhttp[39m: [35m::1 GET /undefined 404 148 - 0.647 ms[39m
[35m[39m
2024-03-18 20:47:08:478 [35mhttp[39m: [35m::1 GET /undefined 404 148 - 0.315 ms[39m
[35m[39m
2024-03-18 20:47:59:4759 [35mhttp[39m: [35m::1 GET /undefined 404 148 - 0.520 ms[39m
[35m[39m
2024-03-18 20:51:34:5134 [35mhttp[39m: [35m::1 GET /undefined 404 148 - 0.824 ms[39m
[35m[39m
2024-03-18 20:51:46:5146 [35mhttp[39m: [35m::1 GET /undefined 404 148 - 0.859 ms[39m
[35m[39m
2024-03-18 20:51:46:5146 [35mhttp[39m: [35m::1 GET /undefined 404 148 - 0.238 ms[39m
[35m[39m
2024-03-18 20:51:56:5156 [35mhttp[39m: [35m::1 GET /undefined 404 148 - 0.577 ms[39m
[35m[39m
2024-03-18 20:53:45:5345 [35mhttp[39m: [35m::1 GET /undefined 404 148 - 0.262 ms[39m
[35m[39m
2024-03-18 20:53:57:5357 [35mhttp[39m: [35m::1 GET /undefined 404 148 - 0.286 ms[39m
[35m[39m
2024-03-18 20:53:57:5357 [35mhttp[39m: [35m::1 GET /undefined 404 148 - 0.265 ms[39m
[35m[39m
2024-03-18 20:54:00:540 [35mhttp[39m: [35m::1 GET /undefined 404 148 - 0.372 ms[39m
[35m[39m
2024-03-18 20:55:05:555 [35mhttp[39m: [35m::1 GET /undefined 404 148 - 0.328 ms[39m
[35m[39m
2024-03-18 20:55:06:556 [35mhttp[39m: [35m::1 GET /undefined 404 148 - 0.292 ms[39m
[35m[39m
2024-03-18 20:55:14:5514 [35mhttp[39m: [35m::1 GET /undefined 404 148 - 0.335 ms[39m
[35m[39m
2024-03-18 20:55:17:5517 [35mhttp[39m: [35m::1 GET /undefined 404 148 - 3.560 ms[39m
[35m[39m
2024-03-18 20:55:29:5529 [35mhttp[39m: [35m::1 GET /undefined 404 148 - 0.298 ms[39m
[35m[39m
2024-03-18 20:55:29:5529 [35mhttp[39m: [35m::1 GET /undefined 404 148 - 0.257 ms[39m
[35m[39m
2024-03-18 20:55:31:5531 [35mhttp[39m: [35m::1 GET /undefined 404 148 - 0.178 ms[39m
[35m[39m
2024-03-18 20:55:35:5535 [35mhttp[39m: [35m::1 GET /undefined 404 148 - 0.271 ms[39m
[35m[39m
2024-03-18 20:55:35:5535 [35mhttp[39m: [35m::1 GET /undefined 404 148 - 0.255 ms[39m
[35m[39m
2024-03-18 20:55:40:5540 [35mhttp[39m: [35m::1 GET /undefined 404 148 - 0.307 ms[39m
[35m[39m
2024-03-18 20:55:40:5540 [35mhttp[39m: [35m::1 GET /undefined 404 148 - 0.320 ms[39m
[35m[39m
2024-03-18 21:01:27:127 [35mhttp[39m: [35m::1 GET /undefined 404 148 - 0.306 ms[39m
[35m[39m
2024-03-18 21:01:34:134 [35mhttp[39m: [35m::1 GET /undefined 404 148 - 0.340 ms[39m
[35m[39m
2024-03-18 21:01:49:149 [35mhttp[39m: [35m::1 GET /undefined 404 148 - 0.475 ms[39m
[35m[39m
2024-03-18 21:01:57:157 [35mhttp[39m: [35m::1 GET /undefined 404 148 - 0.227 ms[39m
[35m[39m
2024-03-18 21:02:30:230 [35mhttp[39m: [35m::1 GET /undefined 404 148 - 0.225 ms[39m
[35m[39m
2024-03-18 21:06:34:634 [35mhttp[39m: [35m::1 GET /undefined 404 148 - 0.384 ms[39m
[35m[39m
2024-03-18 21:06:34:634 [35mhttp[39m: [35m::1 GET /undefined 404 148 - 0.269 ms[39m
[35m[39m
2024-03-18 21:06:39:639 [35mhttp[39m: [35m::1 GET /undefined 404 148 - 0.259 ms[39m
[35m[39m
2024-03-18 21:06:39:639 [35mhttp[39m: [35m::1 GET /undefined 404 148 - 0.253 ms[39m
[35m[39m
2024-03-18 21:06:56:656 [35mhttp[39m: [35m::1 GET /undefined 404 148 - 0.215 ms[39m
[35m[39m
2024-03-18 21:07:00:70 [35mhttp[39m: [35m::1 GET /undefined 404 148 - 0.260 ms[39m
[35m[39m
2024-03-18 21:07:00:70 [35mhttp[39m: [35m::1 GET /undefined 404 148 - 0.346 ms[39m
[35m[39m
2024-03-18 21:07:29:729 [35mhttp[39m: [35m::1 GET /undefined 404 148 - 0.531 ms[39m
[35m[39m
2024-03-18 21:07:29:729 [35mhttp[39m: [35m::1 GET /undefined 404 148 - 0.256 ms[39m
[35m[39m
2024-03-18 21:08:45:845 [35mhttp[39m: [35m::1 GET /undefined 404 148 - 0.261 ms[39m
[35m[39m
2024-03-18 21:08:45:845 [35mhttp[39m: [35m::1 GET /undefined 404 148 - 0.400 ms[39m
[35m[39m
2024-03-18 21:09:03:93 [35mhttp[39m: [35m::1 GET /undefined 404 148 - 0.312 ms[39m
[35m[39m
2024-03-18 21:09:03:93 [35mhttp[39m: [35m::1 GET /undefined 404 148 - 0.257 ms[39m
[35m[39m
2024-03-18 21:09:06:96 [35mhttp[39m: [35m::1 GET /undefined 404 148 - 0.291 ms[39m
[35m[39m
2024-03-18 21:09:39:939 [35mhttp[39m: [35m::1 GET /undefined 404 148 - 0.510 ms[39m
[35m[39m
2024-03-18 21:09:39:939 [35mhttp[39m: [35m::1 GET /undefined 404 148 - 0.262 ms[39m
[35m[39m
2024-03-18 21:10:26:1026 [35mhttp[39m: [35m::1 GET /undefined 404 148 - 0.232 ms[39m
[35m[39m
2024-03-18 21:10:32:1032 [35mhttp[39m: [35m::1 GET /undefined 404 148 - 0.240 ms[39m
[35m[39m
2024-03-18 21:10:33:1033 [35mhttp[39m: [35m::1 GET /undefined 404 148 - 0.255 ms[39m
[35m[39m
2024-03-18 21:10:42:1042 [35mhttp[39m: [35m::1 GET /undefined 404 148 - 0.288 ms[39m
[35m[39m
2024-03-18 21:10:42:1042 [35mhttp[39m: [35m::1 GET /undefined 404 148 - 0.334 ms[39m
[35m[39m
2024-03-18 21:10:52:1052 [35mhttp[39m: [35m::1 GET /undefined 404 148 - 0.288 ms[39m
[35m[39m
2024-03-18 21:10:58:1058 [35mhttp[39m: [35m::1 GET /undefined 404 148 - 0.384 ms[39m
[35m[39m
2024-03-18 21:10:58:1058 [35mhttp[39m: [35m::1 GET /undefined 404 148 - 0.263 ms[39m
[35m[39m
2024-03-18 21:11:08:118 [35mhttp[39m: [35m::1 GET /undefined 404 148 - 0.292 ms[39m
[35m[39m
2024-03-18 21:11:08:118 [35mhttp[39m: [35m::1 GET /undefined 404 148 - 0.262 ms[39m
[35m[39m
2024-03-18 21:11:22:1122 [35mhttp[39m: [35m::1 GET /undefined 404 148 - 0.292 ms[39m
[35m[39m
2024-03-18 21:11:22:1122 [35mhttp[39m: [35m::1 GET /undefined 404 148 - 0.352 ms[39m
[35m[39m
2024-03-18 21:11:34:1134 [35mhttp[39m: [35m::1 GET /undefined 404 148 - 0.303 ms[39m
[35m[39m
2024-03-18 21:11:36:1136 [35mhttp[39m: [35m::1 GET /undefined 404 148 - 0.260 ms[39m
[35m[39m
2024-03-18 21:11:36:1136 [35mhttp[39m: [35m::1 GET /undefined 404 148 - 0.464 ms[39m
[35m[39m
2024-03-18 21:31:36:3136 [35mhttp[39m: [35m::1 GET /undefined 404 148 - 0.921 ms[39m
[35m[39m
2024-03-18 21:31:37:3137 [35mhttp[39m: [35m::1 GET /undefined 404 148 - 0.262 ms[39m
[35m[39m
2024-03-18 21:32:14:3214 [35mhttp[39m: [35m::1 GET /undefined 404 148 - 0.460 ms[39m
[35m[39m
2024-03-18 21:32:15:3215 [35mhttp[39m: [35m::1 GET /undefined 404 148 - 0.247 ms[39m
[35m[39m
2024-03-18 21:32:15:3215 [35mhttp[39m: [35m::1 GET /undefined 404 148 - 0.388 ms[39m
[35m[39m
2024-03-18 21:40:22:4022 [35mhttp[39m: [35m::1 GET /undefined 404 148 - 0.508 ms[39m
[35m[39m
2024-03-18 21:40:32:4032 [35mhttp[39m: [35m::1 GET /undefined 404 148 - 0.206 ms[39m
[35m[39m
2024-03-18 21:40:35:4035 [35mhttp[39m: [35m::1 GET /undefined 404 148 - 0.210 ms[39m
[35m[39m
2024-03-18 21:40:38:4038 [35mhttp[39m: [35m::1 GET /undefined 404 148 - 0.541 ms[39m
[35m[39m
2024-03-18 21:40:58:4058 [35mhttp[39m: [35m::1 GET /undefined 404 148 - 0.299 ms[39m
[35m[39m
2024-03-18 21:45:34:4534 [35mhttp[39m: [35m::1 GET /undefined 404 148 - 0.235 ms[39m
[35m[39m
2024-03-18 21:45:54:4554 [35mhttp[39m: [35m::1 GET /undefined 404 148 - 1.048 ms[39m
[35m[39m
2024-03-18 21:45:57:4557 [35mhttp[39m: [35m::1 GET /undefined 404 148 - 3.979 ms[39m
[35m[39m
2024-03-18 21:47:06:476 [35mhttp[39m: [35m::1 GET /undefined 404 148 - 1.551 ms[39m
[35m[39m
2024-03-18 21:48:11:4811 [35mhttp[39m: [35m::1 GET /undefined 404 148 - 1.589 ms[39m
[35m[39m
2024-03-18 22:04:09:49 [35mhttp[39m: [35m::1 GET /undefined 404 148 - 0.670 ms[39m
[35m[39m
2024-03-18 22:04:10:410 [35mhttp[39m: [35m::1 GET /undefined 404 148 - 0.249 ms[39m
[35m[39m
2024-03-19 10:36:04:364 [32minfo[39m: [32mServer started on PORT 5000...[39m
2024-03-19 10:43:54:4354 [35mhttp[39m: [35m::1 GET /undefined 404 148 - 2.248 ms[39m
[35m[39m
2024-03-19 11:41:55:4155 [32minfo[39m: [32mServer started on PORT 5000...[39m
2024-03-19 11:42:22:4222 [35mhttp[39m: [35m::1 GET /undefined 404 148 - 2.329 ms[39m
[35m[39m
2024-03-19 11:42:24:4224 [35mhttp[39m: [35m::1 GET /undefined 404 148 - 0.830 ms[39m
[35m[39m
2024-03-19 11:42:30:4230 [35mhttp[39m: [35m::1 GET /undefined 404 148 - 0.432 ms[39m
[35m[39m
2024-03-19 11:42:38:4238 [35mhttp[39m: [35m::1 GET /undefined 404 148 - 0.534 ms[39m
[35m[39m
2024-03-19 11:42:45:4245 [35mhttp[39m: [35m::1 GET /undefined 404 148 - 0.572 ms[39m
[35m[39m
2024-03-19 11:42:55:4255 [35mhttp[39m: [35m::1 GET /undefined 404 148 - 0.591 ms[39m
[35m[39m
2024-03-19 11:43:09:439 [35mhttp[39m: [35m::1 GET /undefined 404 148 - 3.253 ms[39m
[35m[39m
2024-03-19 11:43:17:4317 [35mhttp[39m: [35m::1 GET /undefined 404 148 - 0.375 ms[39m
[35m[39m
2024-03-19 11:43:21:4321 [35mhttp[39m: [35m::1 GET /undefined 404 148 - 0.735 ms[39m
[35m[39m
2024-03-19 11:43:38:4338 [35mhttp[39m: [35m::1 GET /undefined 404 148 - 0.499 ms[39m
[35m[39m
2024-03-19 11:43:48:4348 [35mhttp[39m: [35m::1 GET /undefined 404 148 - 0.994 ms[39m
[35m[39m
2024-03-19 11:43:51:4351 [35mhttp[39m: [35m::1 GET /undefined 404 148 - 0.579 ms[39m
[35m[39m
2024-03-19 11:44:00:440 [35mhttp[39m: [35m::1 GET /undefined 404 148 - 1.036 ms[39m
[35m[39m
2024-03-19 11:44:04:444 [35mhttp[39m: [35m::1 GET /undefined 404 148 - 1.641 ms[39m
[35m[39m
2024-03-19 12:09:59:959 [32minfo[39m: [32mServer started on PORT 5000...[39m
2024-03-19 12:14:28:1428 [35mhttp[39m: [35m::1 GET /undefined 404 148 - 2.795 ms[39m
[35m[39m
2024-03-19 12:14:31:1431 [35mhttp[39m: [35m::1 GET /undefined 404 148 - 0.677 ms[39m
[35m[39m
2024-03-19 12:15:34:1534 [35mhttp[39m: [35m::1 GET /undefined 404 148 - 2.228 ms[39m
[35m[39m
2024-03-19 12:15:37:1537 [35mhttp[39m: [35m::1 GET /undefined 404 148 - 3.992 ms[39m
[35m[39m
2024-03-19 12:16:23:1623 [35mhttp[39m: [35m::1 GET /undefined 404 148 - 2.872 ms[39m
[35m[39m
2024-03-19 12:16:25:1625 [35mhttp[39m: [35m::1 GET /undefined 404 148 - 0.462 ms[39m
[35m[39m
2024-03-19 12:16:35:1635 [35mhttp[39m: [35m::1 GET /undefined 404 148 - 0.911 ms[39m
[35m[39m
2024-03-19 12:16:37:1637 [35mhttp[39m: [35m::1 GET /undefined 404 148 - 0.470 ms[39m
[35m[39m
2024-03-19 12:17:19:1719 [35mhttp[39m: [35m::1 GET /undefined 404 148 - 0.664 ms[39m
[35m[39m
2024-03-19 12:28:56:2856 [35mhttp[39m: [35m::1 GET /undefined 404 148 - 0.762 ms[39m
[35m[39m
2024-03-19 12:28:58:2858 [35mhttp[39m: [35m::1 GET /undefined 404 148 - 0.509 ms[39m
[35m[39m
2024-03-19 12:29:23:2923 [35mhttp[39m: [35m::1 GET /undefined 404 148 - 0.623 ms[39m
[35m[39m
2024-03-19 12:29:28:2928 [35mhttp[39m: [35m::1 GET /undefined 404 148 - 0.499 ms[39m
[35m[39m
2024-03-19 12:29:30:2930 [35mhttp[39m: [35m::1 GET /undefined 404 148 - 0.730 ms[39m
[35m[39m
2024-03-19 12:49:13:4913 [32minfo[39m: [32mServer started on PORT 5000...[39m
2024-03-19 12:49:15:4915 [35mhttp[39m: [35m::1 GET /undefined 404 148 - 1.618 ms[39m
[35m[39m
2024-03-19 12:49:17:4917 [35mhttp[39m: [35m::1 GET /undefined 404 148 - 0.424 ms[39m
[35m[39m
2024-03-19 12:49:32:4932 [35mhttp[39m: [35m::1 GET /undefined 404 148 - 0.372 ms[39m
[35m[39m
2024-03-19 12:49:34:4934 [35mhttp[39m: [35m::1 GET /undefined 404 148 - 0.322 ms[39m
[35m[39m
2024-03-19 12:57:17:5717 [35mhttp[39m: [35m::1 GET /undefined 404 148 - 0.707 ms[39m
[35m[39m
2024-03-19 12:57:19:5719 [35mhttp[39m: [35m::1 GET /undefined 404 148 - 0.351 ms[39m
[35m[39m
2024-03-19 12:57:20:5720 [35mhttp[39m: [35m::1 GET /undefined 404 148 - 3.104 ms[39m
[35m[39m
2024-03-19 12:57:28:5728 [35mhttp[39m: [35m::1 GET /undefined 404 148 - 0.247 ms[39m
[35m[39m
2024-03-19 12:57:32:5732 [35mhttp[39m: [35m::1 GET /undefined 404 148 - 0.550 ms[39m
[35m[39m
2024-03-19 12:57:35:5735 [35mhttp[39m: [35m::1 GET /undefined 404 148 - 2.075 ms[39m
[35m[39m
2024-03-19 12:57:36:5736 [35mhttp[39m: [35m::1 GET /undefined 404 148 - 0.318 ms[39m
[35m[39m
2024-03-19 12:57:38:5738 [35mhttp[39m: [35m::1 GET /undefined 404 148 - 1.733 ms[39m
[35m[39m
2024-03-19 12:57:51:5751 [35mhttp[39m: [35m::1 GET /undefined 404 148 - 1.026 ms[39m
[35m[39m
2024-03-19 12:57:57:5757 [35mhttp[39m: [35m::1 GET /undefined 404 148 - 1.052 ms[39m
[35m[39m
2024-03-19 12:58:56:5856 [35mhttp[39m: [35m::1 GET /undefined 404 148 - 0.614 ms[39m
[35m[39m
2024-03-19 12:58:58:5858 [35mhttp[39m: [35m::1 GET /undefined 404 148 - 0.255 ms[39m
[35m[39m
2024-03-19 12:59:13:5913 [35mhttp[39m: [35m::1 GET /undefined 404 148 - 0.307 ms[39m
[35m[39m
2024-03-19 12:59:15:5915 [35mhttp[39m: [35m::1 GET /undefined 404 148 - 0.417 ms[39m
[35m[39m
2024-03-19 13:01:36:136 [35mhttp[39m: [35m::1 GET /undefined 404 148 - 0.416 ms[39m
[35m[39m
2024-03-19 13:05:21:521 [35mhttp[39m: [35m::1 GET /undefined 404 148 - 0.246 ms[39m
[35m[39m
2024-03-19 13:05:28:528 [35mhttp[39m: [35m::1 GET /undefined 404 148 - 0.336 ms[39m
[35m[39m
2024-03-19 13:05:37:537 [35mhttp[39m: [35m::1 GET /undefined 404 148 - 0.229 ms[39m
[35m[39m
2024-03-19 13:05:42:542 [35mhttp[39m: [35m::1 GET /undefined 404 148 - 0.976 ms[39m
[35m[39m
2024-03-19 13:15:47:1547 [35mhttp[39m: [35m::1 GET /undefined 404 148 - 0.252 ms[39m
[35m[39m
2024-03-19 13:15:51:1551 [35mhttp[39m: [35m::1 GET /undefined 404 148 - 0.274 ms[39m
[35m[39m
2024-03-19 13:27:25:2725 [35mhttp[39m: [35m::1 GET /undefined 404 148 - 0.206 ms[39m
[35m[39m
2024-03-19 13:27:28:2728 [35mhttp[39m: [35m::1 GET /undefined 404 148 - 0.260 ms[39m
[35m[39m
2024-03-19 21:01:46:146 [32minfo[39m: [32mServer started on PORT 5000...[39m
2024-03-19 21:07:27:727 [32minfo[39m: [32mServer started on PORT 5000...[39m
2024-03-19 21:08:50:850 [32minfo[39m: [32mServer started on PORT 5000...[39m
2024-03-19 21:08:53:853 [32minfo[39m: [32mServer started on PORT 5000...[39m
2024-03-19 21:08:54:854 [32minfo[39m: [32mServer started on PORT 5000...[39m
2024-03-19 21:45:11:4511 [32minfo[39m: [32mServer started on PORT 5000...[39m
2024-03-19 21:45:15:4515 [32minfo[39m: [32mServer started on PORT 5000...[39m
2024-03-19 21:46:00:460 [32minfo[39m: [32mServer started on PORT 5000...[39m
2024-03-19 22:37:51:3751 [32minfo[39m: [32mServer started on PORT 5000...[39m
2024-03-19 22:40:21:4021 [35mhttp[39m: [35m::1 GET /undefined 404 148 - 1.429 ms[39m
[35m[39m
2024-03-19 22:40:33:4033 [35mhttp[39m: [35m::1 GET /undefined 404 148 - 0.437 ms[39m
[35m[39m
2024-03-19 23:07:10:710 [32minfo[39m: [32mServer started on PORT 5000...[39m
2024-03-19 23:07:13:713 [32minfo[39m: [32mServer started on PORT 5000...[39m
2024-03-19 23:08:18:818 [32minfo[39m: [32mServer started on PORT 5000...[39m
2024-03-19 23:13:26:1326 [32minfo[39m: [32mServer started on PORT 5000...[39m
2024-03-19 23:13:29:1329 [32minfo[39m: [32mServer started on PORT 5000...[39m
2024-03-19 23:13:30:1330 [32minfo[39m: [32mServer started on PORT 5000...[39m
2024-03-19 23:13:32:1332 [32minfo[39m: [32mServer started on PORT 5000...[39m
2024-03-19 23:17:14:1714 [32minfo[39m: [32mServer started on PORT 5000...[39m
2024-03-19 23:22:37:2237 [32minfo[39m: [32mServer started on PORT 5000...[39m
2024-03-19 23:23:16:2316 [32minfo[39m: [32mServer started on PORT 5000...[39m
2024-03-19 23:25:33:2533 [32minfo[39m: [32mServer started on PORT 5000...[39m
2024-03-19 23:29:24:2924 [32minfo[39m: [32mServer started on PORT 5000...[39m
2024-03-19 23:29:53:2953 [32minfo[39m: [32mServer started on PORT 5000...[39m
2024-03-19 23:30:03:303 [32minfo[39m: [32mServer started on PORT 5000...[39m
2024-03-19 23:30:35:3035 [32minfo[39m: [32mServer started on PORT 5000...[39m
2024-03-19 23:34:53:3453 [32minfo[39m: [32mServer started on PORT 5000...[39m
2024-03-19 23:51:04:514 [32minfo[39m: [32mServer started on PORT 5000...[39m
2024-03-19 23:53:58:5358 [32minfo[39m: [32mServer started on PORT 5000...[39m
2024-03-20 08:45:23:4523 [32minfo[39m: [32mServer started on PORT 5000...[39m
2024-03-20 08:47:28:4728 [32minfo[39m: [32mServer started on PORT 5000...[39m
2024-03-20 08:51:56:5156 [32minfo[39m: [32mServer started on PORT 5000...[39m
2024-03-20 08:52:00:520 [32minfo[39m: [32mServer started on PORT 5000...[39m
2024-03-20 08:53:20:5320 [32minfo[39m: [32mServer started on PORT 5000...[39m
2024-03-20 08:54:09:549 [32minfo[39m: [32mServer started on PORT 5000...[39m
2024-03-20 08:57:42:5742 [32minfo[39m: [32mServer started on PORT 5000...[39m
2024-03-20 09:01:13:113 [35mhttp[39m: [35m::1 GET /favicon.ico 404 150 - 1.628 ms[39m
[35m[39m
2024-03-20 09:12:32:1232 [32minfo[39m: [32mServer started on PORT 5000...[39m
2024-03-20 09:21:50:2150 [32minfo[39m: [32mServer started on PORT 5000...[39m
2024-03-20 09:22:20:2220 [32minfo[39m: [32mServer started on PORT 5000...[39m
2024-03-20 09:41:48:4148 [32minfo[39m: [32mServer started on PORT 5000...[39m
2024-03-20 09:41:53:4153 [32minfo[39m: [32mServer started on PORT 5000...[39m
2024-03-20 09:41:58:4158 [32minfo[39m: [32mServer started on PORT 5000...[39m
2024-03-20 09:42:33:4233 [32minfo[39m: [32mServer started on PORT 5000...[39m
2024-03-20 09:42:59:4259 [32minfo[39m: [32mServer started on PORT 5000...[39m
2024-03-20 09:46:52:4652 [32minfo[39m: [32mServer started on PORT 5000...[39m
2024-03-20 09:51:24:5124 [32minfo[39m: [32mServer started on PORT 5000...[39m
2024-03-20 09:51:54:5154 [32minfo[39m: [32mServer started on PORT 5000...[39m
2024-03-20 09:54:36:5436 [32minfo[39m: [32mServer started on PORT 5000...[39m
2024-03-20 09:54:47:5447 [32minfo[39m: [32mServer started on PORT 5000...[39m
2024-03-20 09:54:53:5453 [32minfo[39m: [32mServer started on PORT 5000...[39m
2024-03-20 09:55:23:5523 [32minfo[39m: [32mServer started on PORT 5000...[39m
2024-03-20 09:55:43:5543 [32minfo[39m: [32mServer started on PORT 5000...[39m
2024-03-20 09:55:58:5558 [32minfo[39m: [32mServer started on PORT 5000...[39m
2024-03-20 09:59:07:597 [32minfo[39m: [32mServer started on PORT 5000...[39m
2024-03-20 09:59:12:5912 [32minfo[39m: [32mServer started on PORT 5000...[39m
2024-03-20 10:21:20:2120 [32minfo[39m: [32mServer started on PORT 5000...[39m
2024-03-20 10:27:35:2735 [32minfo[39m: [32mServer started on PORT 5000...[39m
2024-03-20 10:27:45:2745 [32minfo[39m: [32mServer started on PORT 5000...[39m
2024-03-20 10:27:54:2754 [32minfo[39m: [32mServer started on PORT 5000...[39m
2024-03-20 10:28:00:280 [32minfo[39m: [32mServer started on PORT 5000...[39m
2024-03-20 10:28:07:287 [32minfo[39m: [32mServer started on PORT 5000...[39m
2024-03-20 10:38:32:3832 [35mhttp[39m: [35m::1 GET /9de17cff-57c0-43be-8425-5de1fa4cfd0c.jpg 404 179 - 2.483 ms[39m
[35m[39m
2024-03-20 10:38:35:3835 [35mhttp[39m: [35m::1 GET /9de17cff-57c0-43be-8425-5de1fa4cfd0c.jpg 404 179 - 0.392 ms[39m
[35m[39m
2024-03-20 10:38:39:3839 [35mhttp[39m: [35m::1 GET /undefined 404 148 - 0.174 ms[39m
[35m[39m
2024-03-20 10:38:39:3839 [35mhttp[39m: [35m::1 GET /9de17cff-57c0-43be-8425-5de1fa4cfd0c.jpg 404 179 - 0.249 ms[39m
[35m[39m
2024-03-20 10:38:41:3841 [35mhttp[39m: [35m::1 GET /9de17cff-57c0-43be-8425-5de1fa4cfd0c.jpg 404 179 - 1.126 ms[39m
[35m[39m
2024-03-20 10:38:41:3841 [35mhttp[39m: [35m::1 GET /9de17cff-57c0-43be-8425-5de1fa4cfd0c.jpg 404 179 - 3.539 ms[39m
[35m[39m
2024-03-20 10:39:41:3941 [35mhttp[39m: [35m::1 GET /9de17cff-57c0-43be-8425-5de1fa4cfd0c.jpg 404 179 - 0.321 ms[39m
[35m[39m
2024-03-20 10:39:41:3941 [35mhttp[39m: [35m::1 GET /9de17cff-57c0-43be-8425-5de1fa4cfd0c.jpg 404 179 - 0.299 ms[39m
[35m[39m
2024-03-20 10:39:49:3949 [35mhttp[39m: [35m::1 GET /undefined 404 148 - 0.600 ms[39m
[35m[39m
2024-03-20 10:39:49:3949 [35mhttp[39m: [35m::1 GET /9de17cff-57c0-43be-8425-5de1fa4cfd0c.jpg 404 179 - 0.174 ms[39m
[35m[39m
2024-03-20 10:39:52:3952 [35mhttp[39m: [35m::1 GET /9de17cff-57c0-43be-8425-5de1fa4cfd0c.jpg 404 179 - 16.609 ms[39m
[35m[39m
2024-03-20 10:39:52:3952 [35mhttp[39m: [35m::1 GET /9de17cff-57c0-43be-8425-5de1fa4cfd0c.jpg 404 179 - 0.239 ms[39m
[35m[39m
2024-03-20 10:40:28:4028 [35mhttp[39m: [35m::1 GET /undefined 404 148 - 0.231 ms[39m
[35m[39m
2024-03-20 14:10:32:1032 [31merror[39m: [31mError: This is a simulated error[39m
2024-03-20 14:10:33:1033 [32minfo[39m: [32mServer started on PORT 5000...[39m
2024-03-20 14:10:58:1058 [31merror[39m: [31mError: This is a simulated error[39m
2024-03-20 14:10:58:1058 [32minfo[39m: [32mServer started on PORT 5000...[39m
2024-03-20 14:14:07:147 [31merror[39m: [31mError: This is a simulated error[39m
2024-03-20 14:14:07:147 [32minfo[39m: [32mServer started on PORT 5000...[39m
2024-03-20 14:14:39:1439 [31merror[39m: [31mError: This is a simulated error[39m
2024-03-20 14:14:40:1440 [32minfo[39m: [32mServer started on PORT 5000...[39m
2024-03-20 14:15:06:156 [31merror[39m: [31mError: This is a simulated error[39m
2024-03-20 14:15:06:156 [32minfo[39m: [32mServer started on PORT 5000...[39m
2024-03-20 14:17:07:177 [31merror[39m: [31mError: This is a simulated error[39m
2024-03-20 14:17:07:177 [32minfo[39m: [32mServer started on PORT 5000...[39m
2024-03-20 14:40:33:4033 [31merror[39m: [31mError: This is a simulated error[39m
2024-03-20 14:40:33:4033 [32minfo[39m: [32mServer started on PORT 5000...[39m
2024-03-20 14:47:41:4741 [31merror[39m: [31mError: This is a simulated error[39m
2024-03-20 14:47:42:4742 [32minfo[39m: [32mServer started on PORT 5000...[39m
2024-03-20 14:50:42:5042 [31merror[39m: [31mError: This is a simulated error[39m
2024-03-20 14:50:43:5043 [32minfo[39m: [32mServer started on PORT 5000...[39m
2024-03-20 14:51:59:5159 [31merror[39m: [31mError: This is a simulated error[39m
2024-03-20 14:52:00:520 [32minfo[39m: [32mServer started on PORT 5000...[39m
2024-03-20 15:16:40:1640 error: Error: This is a simulated error
2024-03-20 15:16:41:1641 info: Server started on PORT 5000...
2024-03-20 15:17:51:1751 info: Server started on PORT 5000...
2024-03-20 15:32:41:3241 http: ::1 GET /undefined 404 148 - 4.075 ms

2024-03-20 20:16:36:1636 info: Server started on PORT 5000...
2024-03-21 11:00:56:056 info: Server started on PORT 5000...
2024-03-21 15:35:13:3513 http: ::1 GET /undefined 404 148 - 1.325 ms

2024-03-21 19:32:43:3243 http: ::1 GET /undefined 404 148 - 0.818 ms

2024-03-21 19:32:45:3245 http: ::1 GET /undefined 404 148 - 0.298 ms

2024-03-21 20:06:55:655 info: Server started on PORT 5000...
2024-03-21 20:07:24:724 info: Server started on PORT 5000...
2024-03-21 20:07:39:739 info: Server started on PORT 5000...
2024-03-21 20:07:48:748 info: Server started on PORT 5000...
2024-03-21 20:07:56:756 info: Server started on PORT 5000...
2024-03-21 20:08:11:811 info: Server started on PORT 5000...
2024-03-21 20:08:27:827 info: Server started on PORT 5000...
2024-03-21 20:08:30:830 info: Server started on PORT 5000...
2024-03-21 20:08:37:837 info: Server started on PORT 5000...
2024-03-21 20:08:50:850 info: Server started on PORT 5000...
2024-03-21 20:08:54:854 info: Server started on PORT 5000...
2024-03-21 20:08:57:857 info: Server started on PORT 5000...
2024-03-21 20:09:55:955 info: Server started on PORT 5000...
2024-03-21 20:09:59:959 info: Server started on PORT 5000...
2024-03-21 20:10:02:102 info: Server started on PORT 5000...
2024-03-21 20:10:07:107 info: Server started on PORT 5000...
2024-03-21 20:10:09:109 info: Server started on PORT 5000...
2024-03-21 20:10:14:1014 info: Server started on PORT 5000...
2024-03-21 20:10:18:1018 info: Server started on PORT 5000...
2024-03-21 20:10:21:1021 info: Server started on PORT 5000...
2024-03-21 20:10:23:1023 info: Server started on PORT 5000...
2024-03-21 20:10:33:1033 info: Server started on PORT 5000...
2024-03-21 20:13:00:130 info: Server started on PORT 5000...
2024-03-21 20:14:17:1417 info: Server started on PORT 5000...
2024-03-21 20:14:30:1430 info: Server started on PORT 5000...
2024-03-21 20:17:06:176 info: Server started on PORT 5000...
2024-03-21 20:18:04:184 info: Server started on PORT 5000...
2024-03-21 20:19:21:1921 info: Server started on PORT 5000...
2024-03-21 20:19:36:1936 info: Server started on PORT 5000...
2024-03-21 20:21:37:2137 info: Server started on PORT 5000...
2024-03-21 20:22:04:224 info: Server started on PORT 5000...
2024-03-21 20:25:20:2520 info: Server started on PORT 5000...
2024-03-21 20:26:56:2656 http: ::1 GET /favicon.ico 404 150 - 0.985 ms

2024-03-21 20:27:46:2746 info: Server started on PORT 5000...
2024-03-21 20:28:34:2834 info: Server started on PORT 5000...
2024-03-21 20:29:34:2934 info: Server started on PORT 5000...
2024-03-21 20:30:53:3053 info: Server started on PORT 5000...
2024-03-21 20:48:51:4851 info: Server started on PORT 5000...
2024-03-21 20:53:43:5343 info: Server started on PORT 5000...
2024-03-21 20:57:23:5723 info: Server started on PORT 5000...
2024-03-21 20:57:44:5744 http: ::1 GET /undefined 404 148 - 1.217 ms

2024-03-21 21:02:44:244 info: Server started on PORT 5000...
2024-03-21 21:02:53:253 info: Server started on PORT 5000...
2024-03-21 21:03:08:38 info: Server started on PORT 5000...
2024-03-21 21:06:41:641 info: Server started on PORT 5000...
2024-03-21 21:07:40:740 info: Server started on PORT 5000...
2024-03-21 21:09:24:924 info: Server started on PORT 5000...
2024-03-21 21:09:39:939 info: Server started on PORT 5000...
2024-03-21 21:10:01:101 info: Server started on PORT 5000...
2024-03-21 21:11:33:1133 info: Server started on PORT 5000...
2024-03-21 21:13:03:133 info: Server started on PORT 5000...
2024-03-21 21:29:28:2928 info: Server started on PORT 5000...
2024-03-21 21:30:00:300 info: Server started on PORT 5000...
2024-03-21 21:40:51:4051 info: Server started on PORT 5000...
2024-03-21 21:41:22:4122 info: Server started on PORT 5000...
2024-03-21 21:41:45:4145 info: Server started on PORT 5000...
2024-03-21 21:43:09:439 info: Server started on PORT 5000...
2024-03-21 21:46:16:4616 info: Server started on PORT 5000...
2024-03-21 21:46:37:4637 info: Server started on PORT 5000...
2024-03-21 21:47:26:4726 info: Server started on PORT 5000...
2024-03-21 21:48:47:4847 info: Server started on PORT 5000...
2024-03-21 21:50:34:5034 info: Server started on PORT 5000...
2024-03-21 21:50:43:5043 info: Server started on PORT 5000...
2024-03-21 21:50:49:5049 info: Server started on PORT 5000...
2024-03-21 21:50:56:5056 info: Server started on PORT 5000...
2024-03-21 21:51:04:514 info: Server started on PORT 5000...
2024-03-21 21:52:03:523 info: Server started on PORT 5000...
2024-03-21 21:52:07:527 info: Server started on PORT 5000...
2024-03-21 21:52:24:5224 info: Server started on PORT 5000...
2024-03-21 22:15:54:1554 info: Server started on PORT 5000...
2024-03-21 22:17:39:1739 info: Server started on PORT 5000...
2024-03-21 22:17:49:1749 info: Server started on PORT 5000...
2024-03-21 22:20:13:2013 info: Server started on PORT 5000...
2024-03-21 22:20:30:2030 info: Server started on PORT 5000...
2024-03-21 22:22:45:2245 info: Server started on PORT 5000...
2024-03-21 22:22:57:2257 info: Server started on PORT 5000...
2024-03-21 22:23:58:2358 info: Server started on PORT 5000...
2024-03-21 22:24:02:242 info: start
2024-03-21 22:24:42:2442 info: Server started on PORT 5000...
2024-03-21 22:24:45:2445 info: start
2024-03-21 22:24:45:2445 error: оператор не существует: text = integer
2024-03-21 22:25:56:2556 info: Server started on PORT 5000...
2024-03-21 22:28:03:283 info: Server started on PORT 5000...
2024-03-22 08:44:09:449 info: Server started on PORT 5000...
2024-03-22 09:13:19:1319 info: Server started on PORT 5000...
2024-03-22 16:56:59:5659 http: ::1 GET /undefined 404 148 - 1.522 ms

2024-03-22 16:57:04:574 http: ::1 GET /undefined 404 148 - 0.335 ms

2024-03-22 16:57:06:576 http: ::1 GET /undefined 404 148 - 0.254 ms

2024-03-22 16:57:08:578 http: ::1 GET /undefined 404 148 - 0.703 ms

2024-03-22 17:48:57:4857 http: ::1 GET /undefined 404 148 - 1.379 ms

2024-03-22 17:49:10:4910 http: ::1 GET /undefined 404 148 - 0.259 ms

2024-03-22 17:49:14:4914 http: ::1 GET /undefined 404 148 - 0.423 ms

2024-03-23 11:06:38:638 http: ::1 GET /undefined 404 148 - 1.534 ms

2024-03-23 11:07:27:727 http: ::1 GET /undefined 404 148 - 1.299 ms

2024-03-23 11:07:42:742 http: ::1 GET /undefined 404 148 - 0.443 ms

2024-03-23 11:07:46:746 http: ::1 GET /undefined 404 148 - 1.006 ms

2024-03-23 11:07:59:759 http: ::1 GET /undefined 404 148 - 0.402 ms

2024-03-23 11:08:04:84 http: ::1 GET /undefined 404 148 - 0.980 ms

2024-03-23 11:10:32:1032 http: ::1 GET /undefined 404 148 - 2.437 ms

2024-03-23 11:10:54:1054 http: ::1 GET /undefined 404 148 - 1.666 ms

2024-03-23 11:46:44:4644 info: Server started on PORT 5000...
2024-03-23 11:47:02:472 http: ::1 GET /favicon.ico 404 150 - 1.193 ms

2024-03-23 11:55:33:5533 http: ::1 GET /undefined 404 148 - 0.735 ms

2024-03-23 11:55:52:5552 http: ::1 GET /undefined 404 148 - 0.218 ms

2024-03-23 11:56:09:569 http: ::1 GET /undefined 404 148 - 0.310 ms

2024-03-23 11:56:16:5616 http: ::1 GET /undefined 404 148 - 1.133 ms

2024-03-23 11:58:10:5810 http: ::1 GET /undefined 404 148 - 0.368 ms

2024-03-23 11:58:16:5816 http: ::1 GET /undefined 404 148 - 0.302 ms

2024-03-23 11:58:32:5832 http: ::1 GET /undefined 404 148 - 0.316 ms

2024-03-23 11:58:39:5839 http: ::1 GET /undefined 404 148 - 0.415 ms

2024-03-23 11:58:40:5840 http: ::1 GET /undefined 404 148 - 0.327 ms

2024-03-23 11:59:04:594 http: ::1 GET /undefined 404 148 - 0.525 ms

2024-03-23 11:59:18:5918 http: ::1 GET /undefined 404 148 - 0.478 ms

2024-03-23 12:01:38:138 http: ::1 GET /undefined 404 148 - 0.316 ms

2024-03-23 12:01:54:154 http: ::1 GET /undefined 404 148 - 0.307 ms

2024-03-23 12:02:02:22 http: ::1 GET /undefined 404 148 - 0.338 ms

2024-03-23 17:14:49:1449 info: Server started on PORT 5000...
2024-03-23 17:18:57:1857 info: Server started on PORT 5000...
2024-03-23 17:30:08:308 info: Server started on PORT 5000...
2024-03-23 17:49:55:4955 info: Server started on PORT 5000...
2024-03-23 17:51:14:5114 info: Server started on PORT 5000...
2024-03-23 17:51:21:5121 info: Server started on PORT 5000...
2024-03-23 17:51:44:5144 info: Server started on PORT 5000...
2024-03-23 17:53:03:533 info: Server started on PORT 5000...
2024-03-23 17:53:13:5313 info: Server started on PORT 5000...
2024-03-23 17:53:19:5319 info: Server started on PORT 5000...
2024-03-23 17:53:22:5322 info: Server started on PORT 5000...
2024-03-23 17:54:03:543 info: Server started on PORT 5000...
2024-03-23 17:55:27:5527 info: Server started on PORT 5000...
2024-03-23 17:56:09:569 info: Server started on PORT 5000...
2024-03-23 17:56:15:5615 info: Server started on PORT 5000...
2024-03-23 17:56:54:5654 info: Server started on PORT 5000...
2024-03-23 18:02:44:244 http: ::1 GET /undefined 404 148 - 1.901 ms

2024-03-23 18:03:30:330 http: ::1 GET /undefined 404 148 - 0.504 ms

2024-03-23 18:03:34:334 http: ::1 GET /undefined 404 148 - 0.332 ms

2024-03-23 18:03:47:347 http: ::1 GET /undefined 404 148 - 0.369 ms

2024-03-23 18:03:51:351 http: ::1 GET /undefined 404 148 - 0.370 ms

2024-03-23 18:06:28:628 http: ::1 GET /undefined 404 148 - 0.491 ms

2024-03-23 18:06:30:630 http: ::1 GET /undefined 404 148 - 0.376 ms

2024-03-23 18:06:37:637 http: ::1 GET /undefined 404 148 - 0.356 ms

2024-03-23 18:06:44:644 http: ::1 GET /undefined 404 148 - 0.353 ms

2024-03-23 18:06:45:645 http: ::1 GET /undefined 404 148 - 0.548 ms

2024-03-23 18:06:48:648 http: ::1 GET /undefined 404 148 - 0.342 ms

2024-03-23 18:07:08:78 http: ::1 GET /undefined 404 148 - 0.325 ms

2024-03-23 18:07:20:720 http: ::1 GET /undefined 404 148 - 0.293 ms

2024-03-23 18:11:09:119 http: ::1 GET /undefined 404 148 - 0.311 ms

2024-03-23 18:11:24:1124 http: ::1 GET /undefined 404 148 - 0.286 ms

2024-03-24 09:13:22:1322 info: Server started on PORT 5000...
2024-03-24 09:47:16:4716 info: Server started on PORT 5000...
2024-03-24 09:50:11:5011 info: Server started on PORT 5000...
2024-03-24 09:52:03:523 info: Server started on PORT 5000...
2024-03-24 09:55:58:5558 info: Server started on PORT 5000...
2024-03-24 09:56:36:5636 info: Server started on PORT 5000...
2024-03-24 10:09:47:947 info: Server started on PORT 5000...
2024-03-24 10:15:22:1522 info: Server started on PORT 5000...
2024-03-24 10:15:48:1548 info: Server started on PORT 5000...
2024-03-24 10:16:14:1614 info: Server started on PORT 5000...
2024-03-24 10:16:36:1636 info: Server started on PORT 5000...
2024-03-24 10:16:43:1643 info: Server started on PORT 5000...
2024-03-24 10:16:52:1652 info: Server started on PORT 5000...
2024-03-24 14:31:53:3153 info: Server started on PORT 5000...
2024-03-24 14:37:10:3710 info: Server started on PORT 5000...
2024-03-24 14:39:00:390 info: Server started on PORT 5000...
2024-03-24 15:03:56:356 info: Server started on PORT 5000...
2024-03-24 18:06:13:613 http: ::1 GET /undefined 404 148 - 1.421 ms

2024-03-24 18:07:55:755 http: ::1 GET /undefined 404 148 - 0.405 ms

2024-03-24 18:09:42:942 http: ::1 GET /undefined 404 148 - 0.673 ms

2024-03-24 18:09:44:944 http: ::1 GET /undefined 404 148 - 0.269 ms

2024-03-24 18:09:48:948 http: ::1 GET /undefined 404 148 - 0.282 ms

2024-03-24 18:09:52:952 http: ::1 GET /undefined 404 148 - 0.268 ms

2024-03-24 18:09:54:954 http: ::1 GET /undefined 404 148 - 0.290 ms

2024-03-24 18:09:57:957 http: ::1 GET /undefined 404 148 - 0.342 ms

2024-03-24 18:10:02:102 http: ::1 GET /undefined 404 148 - 0.432 ms

2024-03-24 18:10:04:104 http: ::1 GET /undefined 404 148 - 0.351 ms

2024-03-24 18:10:07:107 http: ::1 GET /undefined 404 148 - 0.296 ms

2024-03-24 18:10:10:1010 http: ::1 GET /undefined 404 148 - 0.275 ms

2024-03-24 18:10:25:1025 http: ::1 GET /undefined 404 148 - 0.466 ms

2024-03-24 18:10:27:1027 http: ::1 GET /undefined 404 148 - 0.307 ms

2024-03-24 18:10:29:1029 http: ::1 GET /undefined 404 148 - 0.286 ms

