2024-03-17 18:51:24:5124 [32minfo[39m: [32mServer started on PORT 5000...[39m
2024-03-17 19:02:40:240 [33mwarn[39m: [33mWarning[39m
2024-03-17 19:02:40:240 [37mdebug[39m: [37mDebug[39m
2024-03-17 19:02:40:240 [32minfo[39m: [32mServer started on PORT 5000...[39m
2024-03-17 19:40:30:4030 [33mwarn[39m: [33mWarning[39m
2024-03-17 19:40:30:4030 [37mdebug[39m: [37mDebug[39m
2024-03-17 19:40:31:4031 [32minfo[39m: [32mServer started on PORT 5000...[39m
2024-03-17 19:45:50:4550 [33mwarn[39m: [33mWarning[39m
2024-03-17 19:45:50:4550 [37mdebug[39m: [37mDebug[39m
2024-03-17 19:47:09:479 [33mwarn[39m: [33mWarning[39m
2024-03-17 19:47:09:479 [37mdebug[39m: [37mDebug[39m
2024-03-17 19:47:09:479 [32minfo[39m: [32mServer started on PORT 5000...[39m
2024-03-17 19:50:22:5022 [33mwarn[39m: [33mWarning[39m
2024-03-17 19:50:22:5022 [37mdebug[39m: [37mDebug[39m
2024-03-17 19:50:23:5023 [32minfo[39m: [32mServer started on PORT 5000...[39m
2024-03-17 19:54:26:5426 [33mwarn[39m: [33mWarning[39m
2024-03-17 19:54:26:5426 [37mdebug[39m: [37mDebug[39m
2024-03-17 19:54:26:5426 [32minfo[39m: [32mServer started on PORT 5000...[39m
2024-03-17 19:58:27:5827 [33mwarn[39m: [33mWarning[39m
2024-03-17 19:58:27:5827 [37mdebug[39m: [37mDebug[39m
2024-03-17 19:58:27:5827 [32minfo[39m: [32mServer started on PORT 5000...[39m
2024-03-17 19:59:23:5923 [33mwarn[39m: [33mWarning[39m
2024-03-17 19:59:23:5923 [37mdebug[39m: [37mDebug[39m
2024-03-17 19:59:23:5923 [32minfo[39m: [32mServer started on PORT 5000...[39m
2024-03-17 20:01:24:124 [31merror[39m: [31mError: This is a simulated error[39m
2024-03-17 20:01:24:124 [33mwarn[39m: [33mWarning[39m
2024-03-17 20:01:24:124 [37mdebug[39m: [37mDebug[39m
2024-03-17 20:01:24:124 [32minfo[39m: [32mServer started on PORT 5000...[39m
2024-03-17 20:05:03:53 [31merror[39m: [31mError: This is a simulated error[39m
2024-03-17 20:05:03:53 [33mwarn[39m: [33mWarning[39m
2024-03-17 20:05:03:53 [37mdebug[39m: [37mDebug[39m
2024-03-17 20:05:03:53 [32minfo[39m: [32mServer started on PORT 5000...[39m
2024-03-17 20:09:02:92 [31merror[39m: [31mError: This is a simulated error[39m
2024-03-17 20:09:02:92 [33mwarn[39m: [33mWarning[39m
2024-03-17 20:09:02:92 [37mdebug[39m: [37mDebug[39m
2024-03-17 20:09:02:92 [32minfo[39m: [32mServer started on PORT 5000...[39m
2024-03-18 09:40:17:4017 [31merror[39m: [31mError: This is a simulated error[39m
2024-03-18 09:40:17:4017 [31merror[39m: [31merror[39m
2024-03-18 09:40:18:4018 [32minfo[39m: [32mServer started on PORT 5000...[39m
2024-03-18 09:40:42:4042 [31merror[39m: [31mError: This is a simulated error[39m
2024-03-18 09:40:42:4042 [32minfo[39m: [32mServer started on PORT 5000...[39m
2024-03-18 09:49:22:4922 [31merror[39m: [31mError: This is a simulated error[39m
2024-03-18 09:49:22:4922 [32minfo[39m: [32mServer started on PORT 5000...[39m
2024-03-18 09:55:03:553 [31merror[39m: [31mError: This is a simulated error[39m
2024-03-18 09:55:05:555 [31merror[39m: [31mError: This is a simulated error[39m
2024-03-18 09:55:05:555 [32minfo[39m: [32mServer started on PORT 5000...[39m
2024-03-18 09:55:56:5556 [31merror[39m: [31mError: This is a simulated error[39m
2024-03-18 09:55:57:5557 [32minfo[39m: [32mServer started on PORT 5000...[39m
2024-03-18 10:12:23:1223 [35mhttp[39m: [35m::1 GET /undefined 404 148 - 2.891 ms[39m
[35m[39m
2024-03-18 10:18:57:1857 [35mhttp[39m: [35m::1 PUT /api/cart/61 404 150 - 0.509 ms[39m
[35m[39m
2024-03-18 10:20:24:2024 [31merror[39m: [31mError: This is a simulated error[39m
2024-03-18 10:20:25:2025 [32minfo[39m: [32mServer started on PORT 5000...[39m
2024-03-18 10:22:00:220 [31merror[39m: [31mError: This is a simulated error[39m
2024-03-18 10:22:00:220 [32minfo[39m: [32mServer started on PORT 5000...[39m
2024-03-18 10:23:56:2356 [31merror[39m: [31mError: This is a simulated error[39m
2024-03-18 10:23:57:2357 [32minfo[39m: [32mServer started on PORT 5000...[39m
2024-03-18 10:25:22:2522 [31merror[39m: [31mError: This is a simulated error[39m
2024-03-18 10:25:23:2523 [32minfo[39m: [32mServer started on PORT 5000...[39m
2024-03-18 10:25:44:2544 [32minfo[39m: [32mServer started on PORT 5000...[39m
2024-03-18 10:27:34:2734 [32minfo[39m: [32mServer started on PORT 5000...[39m
2024-03-18 10:28:54:2854 [32minfo[39m: [32mServer started on PORT 5000...[39m
2024-03-18 10:33:42:3342 [32minfo[39m: [32mServer started on PORT 5000...[39m
2024-03-18 11:55:27:5527 [35mhttp[39m: [35m::1 GET /undefined 404 148 - 1.670 ms[39m
[35m[39m
2024-03-18 13:26:58:2658 [35mhttp[39m: [35m::1 GET /undefined 404 148 - 1.921 ms[39m
[35m[39m
2024-03-18 13:27:00:270 [35mhttp[39m: [35m::1 GET /undefined 404 148 - 0.341 ms[39m
[35m[39m
2024-03-18 13:33:21:3321 [35mhttp[39m: [35m::1 GET /undefined 404 148 - 0.514 ms[39m
[35m[39m
2024-03-18 13:36:07:367 [35mhttp[39m: [35m::1 GET /undefined 404 148 - 2.029 ms[39m
[35m[39m
2024-03-18 13:36:13:3613 [35mhttp[39m: [35m::1 GET /undefined 404 148 - 0.348 ms[39m
[35m[39m
2024-03-18 13:36:18:3618 [35mhttp[39m: [35m::1 GET /undefined 404 148 - 1.775 ms[39m
[35m[39m
2024-03-18 13:37:23:3723 [35mhttp[39m: [35m::1 GET /undefined 404 148 - 0.250 ms[39m
[35m[39m
2024-03-18 13:37:25:3725 [35mhttp[39m: [35m::1 GET /undefined 404 148 - 3.437 ms[39m
[35m[39m
2024-03-18 13:37:44:3744 [35mhttp[39m: [35m::1 GET /undefined 404 148 - 0.408 ms[39m
[35m[39m
2024-03-18 13:38:30:3830 [35mhttp[39m: [35m::1 GET /undefined 404 148 - 0.316 ms[39m
[35m[39m
2024-03-18 13:38:34:3834 [35mhttp[39m: [35m::1 GET /undefined 404 148 - 0.299 ms[39m
[35m[39m
2024-03-18 13:46:04:464 [35mhttp[39m: [35m::1 GET /undefined 404 148 - 1.002 ms[39m
[35m[39m
2024-03-18 13:46:18:4618 [35mhttp[39m: [35m::1 GET /undefined 404 148 - 0.405 ms[39m
[35m[39m
2024-03-18 13:48:35:4835 [35mhttp[39m: [35m::1 GET /undefined 404 148 - 0.972 ms[39m
[35m[39m
2024-03-18 13:49:42:4942 [35mhttp[39m: [35m::1 GET /undefined 404 148 - 0.257 ms[39m
[35m[39m
2024-03-18 13:49:46:4946 [35mhttp[39m: [35m::1 GET /undefined 404 148 - 0.338 ms[39m
[35m[39m
2024-03-18 13:49:50:4950 [35mhttp[39m: [35m::1 GET /undefined 404 148 - 0.295 ms[39m
[35m[39m
2024-03-18 13:50:04:504 [35mhttp[39m: [35m::1 GET /undefined 404 148 - 0.255 ms[39m
[35m[39m
2024-03-18 13:58:15:5815 [35mhttp[39m: [35m::1 GET /undefined 404 148 - 0.320 ms[39m
[35m[39m
2024-03-18 20:19:08:198 [32minfo[39m: [32mServer started on PORT 5000...[39m
2024-03-18 20:27:19:2719 [35mhttp[39m: [35m::1 GET /undefined 404 148 - 2.050 ms[39m
[35m[39m
2024-03-18 20:28:24:2824 [35mhttp[39m: [35m::1 GET /undefined 404 148 - 1.453 ms[39m
[35m[39m
2024-03-18 20:28:30:2830 [35mhttp[39m: [35m::1 GET /undefined 404 148 - 1.690 ms[39m
[35m[39m
2024-03-18 20:29:31:2931 [35mhttp[39m: [35m::1 GET /undefined 404 148 - 0.361 ms[39m
[35m[39m
2024-03-18 20:29:35:2935 [35mhttp[39m: [35m::1 GET /undefined 404 148 - 0.479 ms[39m
[35m[39m
2024-03-18 20:29:38:2938 [35mhttp[39m: [35m::1 GET /undefined 404 148 - 5.743 ms[39m
[35m[39m
2024-03-18 20:31:08:318 [35mhttp[39m: [35m::1 GET /undefined 404 148 - 0.463 ms[39m
[35m[39m
2024-03-18 20:31:50:3150 [35mhttp[39m: [35m::1 GET /undefined 404 148 - 0.342 ms[39m
[35m[39m
2024-03-18 20:31:52:3152 [35mhttp[39m: [35m::1 GET /undefined 404 148 - 1.252 ms[39m
[35m[39m
2024-03-18 20:32:27:3227 [35mhttp[39m: [35m::1 GET /undefined 404 148 - 0.622 ms[39m
[35m[39m
2024-03-18 20:32:30:3230 [35mhttp[39m: [35m::1 GET /undefined 404 148 - 0.316 ms[39m
[35m[39m
2024-03-18 20:32:40:3240 [35mhttp[39m: [35m::1 GET /undefined 404 148 - 0.344 ms[39m
[35m[39m
2024-03-18 20:34:03:343 [35mhttp[39m: [35m::1 GET /undefined 404 148 - 0.661 ms[39m
[35m[39m
2024-03-18 20:34:25:3425 [35mhttp[39m: [35m::1 GET /undefined 404 148 - 0.385 ms[39m
[35m[39m
2024-03-18 20:36:09:369 [35mhttp[39m: [35m::1 GET /undefined 404 148 - 0.641 ms[39m
[35m[39m
2024-03-18 20:38:20:3820 [35mhttp[39m: [35m::1 GET /undefined 404 148 - 0.285 ms[39m
[35m[39m
2024-03-18 20:38:23:3823 [35mhttp[39m: [35m::1 GET /undefined 404 148 - 0.401 ms[39m
[35m[39m
2024-03-18 20:38:33:3833 [35mhttp[39m: [35m::1 GET /undefined 404 148 - 0.454 ms[39m
[35m[39m
2024-03-18 20:38:36:3836 [35mhttp[39m: [35m::1 GET /undefined 404 148 - 0.269 ms[39m
[35m[39m
2024-03-18 20:39:10:3910 [35mhttp[39m: [35m::1 GET /undefined 404 148 - 0.318 ms[39m
[35m[39m
2024-03-18 20:40:30:4030 [35mhttp[39m: [35m::1 GET /undefined 404 148 - 0.311 ms[39m
[35m[39m
2024-03-18 20:40:35:4035 [35mhttp[39m: [35m::1 GET /undefined 404 148 - 0.283 ms[39m
[35m[39m
2024-03-18 20:40:37:4037 [35mhttp[39m: [35m::1 GET /undefined 404 148 - 0.305 ms[39m
[35m[39m
2024-03-18 20:40:46:4046 [35mhttp[39m: [35m::1 GET /undefined 404 148 - 0.304 ms[39m
[35m[39m
2024-03-18 20:40:47:4047 [35mhttp[39m: [35m::1 GET /undefined 404 148 - 0.290 ms[39m
[35m[39m
2024-03-18 20:40:52:4052 [35mhttp[39m: [35m::1 GET /undefined 404 148 - 0.264 ms[39m
[35m[39m
2024-03-18 20:41:10:4110 [35mhttp[39m: [35m::1 GET /undefined 404 148 - 0.253 ms[39m
[35m[39m
2024-03-18 20:41:16:4116 [35mhttp[39m: [35m::1 GET /undefined 404 148 - 2.606 ms[39m
[35m[39m
2024-03-18 20:41:33:4133 [35mhttp[39m: [35m::1 GET /undefined 404 148 - 0.286 ms[39m
[35m[39m
2024-03-18 20:41:57:4157 [35mhttp[39m: [35m::1 GET /undefined 404 148 - 0.274 ms[39m
[35m[39m
2024-03-18 20:46:46:4646 [35mhttp[39m: [35m::1 GET /undefined 404 148 - 0.647 ms[39m
[35m[39m
2024-03-18 20:47:08:478 [35mhttp[39m: [35m::1 GET /undefined 404 148 - 0.315 ms[39m
[35m[39m
2024-03-18 20:47:59:4759 [35mhttp[39m: [35m::1 GET /undefined 404 148 - 0.520 ms[39m
[35m[39m
2024-03-18 20:51:34:5134 [35mhttp[39m: [35m::1 GET /undefined 404 148 - 0.824 ms[39m
[35m[39m
2024-03-18 20:51:46:5146 [35mhttp[39m: [35m::1 GET /undefined 404 148 - 0.859 ms[39m
[35m[39m
2024-03-18 20:51:46:5146 [35mhttp[39m: [35m::1 GET /undefined 404 148 - 0.238 ms[39m
[35m[39m
2024-03-18 20:51:56:5156 [35mhttp[39m: [35m::1 GET /undefined 404 148 - 0.577 ms[39m
[35m[39m
2024-03-18 20:53:45:5345 [35mhttp[39m: [35m::1 GET /undefined 404 148 - 0.262 ms[39m
[35m[39m
2024-03-18 20:53:57:5357 [35mhttp[39m: [35m::1 GET /undefined 404 148 - 0.286 ms[39m
[35m[39m
2024-03-18 20:53:57:5357 [35mhttp[39m: [35m::1 GET /undefined 404 148 - 0.265 ms[39m
[35m[39m
2024-03-18 20:54:00:540 [35mhttp[39m: [35m::1 GET /undefined 404 148 - 0.372 ms[39m
[35m[39m
2024-03-18 20:55:05:555 [35mhttp[39m: [35m::1 GET /undefined 404 148 - 0.328 ms[39m
[35m[39m
2024-03-18 20:55:06:556 [35mhttp[39m: [35m::1 GET /undefined 404 148 - 0.292 ms[39m
[35m[39m
2024-03-18 20:55:14:5514 [35mhttp[39m: [35m::1 GET /undefined 404 148 - 0.335 ms[39m
[35m[39m
2024-03-18 20:55:17:5517 [35mhttp[39m: [35m::1 GET /undefined 404 148 - 3.560 ms[39m
[35m[39m
2024-03-18 20:55:29:5529 [35mhttp[39m: [35m::1 GET /undefined 404 148 - 0.298 ms[39m
[35m[39m
2024-03-18 20:55:29:5529 [35mhttp[39m: [35m::1 GET /undefined 404 148 - 0.257 ms[39m
[35m[39m
2024-03-18 20:55:31:5531 [35mhttp[39m: [35m::1 GET /undefined 404 148 - 0.178 ms[39m
[35m[39m
2024-03-18 20:55:35:5535 [35mhttp[39m: [35m::1 GET /undefined 404 148 - 0.271 ms[39m
[35m[39m
2024-03-18 20:55:35:5535 [35mhttp[39m: [35m::1 GET /undefined 404 148 - 0.255 ms[39m
[35m[39m
2024-03-18 20:55:40:5540 [35mhttp[39m: [35m::1 GET /undefined 404 148 - 0.307 ms[39m
[35m[39m
2024-03-18 20:55:40:5540 [35mhttp[39m: [35m::1 GET /undefined 404 148 - 0.320 ms[39m
[35m[39m
2024-03-18 21:01:27:127 [35mhttp[39m: [35m::1 GET /undefined 404 148 - 0.306 ms[39m
[35m[39m
2024-03-18 21:01:34:134 [35mhttp[39m: [35m::1 GET /undefined 404 148 - 0.340 ms[39m
[35m[39m
2024-03-18 21:01:49:149 [35mhttp[39m: [35m::1 GET /undefined 404 148 - 0.475 ms[39m
[35m[39m
2024-03-18 21:01:57:157 [35mhttp[39m: [35m::1 GET /undefined 404 148 - 0.227 ms[39m
[35m[39m
2024-03-18 21:02:30:230 [35mhttp[39m: [35m::1 GET /undefined 404 148 - 0.225 ms[39m
[35m[39m
2024-03-18 21:06:34:634 [35mhttp[39m: [35m::1 GET /undefined 404 148 - 0.384 ms[39m
[35m[39m
2024-03-18 21:06:34:634 [35mhttp[39m: [35m::1 GET /undefined 404 148 - 0.269 ms[39m
[35m[39m
2024-03-18 21:06:39:639 [35mhttp[39m: [35m::1 GET /undefined 404 148 - 0.259 ms[39m
[35m[39m
2024-03-18 21:06:39:639 [35mhttp[39m: [35m::1 GET /undefined 404 148 - 0.253 ms[39m
[35m[39m
2024-03-18 21:06:56:656 [35mhttp[39m: [35m::1 GET /undefined 404 148 - 0.215 ms[39m
[35m[39m
2024-03-18 21:07:00:70 [35mhttp[39m: [35m::1 GET /undefined 404 148 - 0.260 ms[39m
[35m[39m
2024-03-18 21:07:00:70 [35mhttp[39m: [35m::1 GET /undefined 404 148 - 0.346 ms[39m
[35m[39m
2024-03-18 21:07:29:729 [35mhttp[39m: [35m::1 GET /undefined 404 148 - 0.531 ms[39m
[35m[39m
2024-03-18 21:07:29:729 [35mhttp[39m: [35m::1 GET /undefined 404 148 - 0.256 ms[39m
[35m[39m
2024-03-18 21:08:45:845 [35mhttp[39m: [35m::1 GET /undefined 404 148 - 0.261 ms[39m
[35m[39m
2024-03-18 21:08:45:845 [35mhttp[39m: [35m::1 GET /undefined 404 148 - 0.400 ms[39m
[35m[39m
2024-03-18 21:09:03:93 [35mhttp[39m: [35m::1 GET /undefined 404 148 - 0.312 ms[39m
[35m[39m
2024-03-18 21:09:03:93 [35mhttp[39m: [35m::1 GET /undefined 404 148 - 0.257 ms[39m
[35m[39m
2024-03-18 21:09:06:96 [35mhttp[39m: [35m::1 GET /undefined 404 148 - 0.291 ms[39m
[35m[39m
2024-03-18 21:09:39:939 [35mhttp[39m: [35m::1 GET /undefined 404 148 - 0.510 ms[39m
[35m[39m
2024-03-18 21:09:39:939 [35mhttp[39m: [35m::1 GET /undefined 404 148 - 0.262 ms[39m
[35m[39m
2024-03-18 21:10:26:1026 [35mhttp[39m: [35m::1 GET /undefined 404 148 - 0.232 ms[39m
[35m[39m
2024-03-18 21:10:32:1032 [35mhttp[39m: [35m::1 GET /undefined 404 148 - 0.240 ms[39m
[35m[39m
2024-03-18 21:10:33:1033 [35mhttp[39m: [35m::1 GET /undefined 404 148 - 0.255 ms[39m
[35m[39m
2024-03-18 21:10:42:1042 [35mhttp[39m: [35m::1 GET /undefined 404 148 - 0.288 ms[39m
[35m[39m
2024-03-18 21:10:42:1042 [35mhttp[39m: [35m::1 GET /undefined 404 148 - 0.334 ms[39m
[35m[39m
2024-03-18 21:10:52:1052 [35mhttp[39m: [35m::1 GET /undefined 404 148 - 0.288 ms[39m
[35m[39m
2024-03-18 21:10:58:1058 [35mhttp[39m: [35m::1 GET /undefined 404 148 - 0.384 ms[39m
[35m[39m
2024-03-18 21:10:58:1058 [35mhttp[39m: [35m::1 GET /undefined 404 148 - 0.263 ms[39m
[35m[39m
2024-03-18 21:11:08:118 [35mhttp[39m: [35m::1 GET /undefined 404 148 - 0.292 ms[39m
[35m[39m
2024-03-18 21:11:08:118 [35mhttp[39m: [35m::1 GET /undefined 404 148 - 0.262 ms[39m
[35m[39m
2024-03-18 21:11:22:1122 [35mhttp[39m: [35m::1 GET /undefined 404 148 - 0.292 ms[39m
[35m[39m
2024-03-18 21:11:22:1122 [35mhttp[39m: [35m::1 GET /undefined 404 148 - 0.352 ms[39m
[35m[39m
2024-03-18 21:11:34:1134 [35mhttp[39m: [35m::1 GET /undefined 404 148 - 0.303 ms[39m
[35m[39m
2024-03-18 21:11:36:1136 [35mhttp[39m: [35m::1 GET /undefined 404 148 - 0.260 ms[39m
[35m[39m
2024-03-18 21:11:36:1136 [35mhttp[39m: [35m::1 GET /undefined 404 148 - 0.464 ms[39m
[35m[39m
2024-03-18 21:31:36:3136 [35mhttp[39m: [35m::1 GET /undefined 404 148 - 0.921 ms[39m
[35m[39m
2024-03-18 21:31:37:3137 [35mhttp[39m: [35m::1 GET /undefined 404 148 - 0.262 ms[39m
[35m[39m
2024-03-18 21:32:14:3214 [35mhttp[39m: [35m::1 GET /undefined 404 148 - 0.460 ms[39m
[35m[39m
2024-03-18 21:32:15:3215 [35mhttp[39m: [35m::1 GET /undefined 404 148 - 0.247 ms[39m
[35m[39m
2024-03-18 21:32:15:3215 [35mhttp[39m: [35m::1 GET /undefined 404 148 - 0.388 ms[39m
[35m[39m
2024-03-18 21:40:22:4022 [35mhttp[39m: [35m::1 GET /undefined 404 148 - 0.508 ms[39m
[35m[39m
2024-03-18 21:40:32:4032 [35mhttp[39m: [35m::1 GET /undefined 404 148 - 0.206 ms[39m
[35m[39m
2024-03-18 21:40:35:4035 [35mhttp[39m: [35m::1 GET /undefined 404 148 - 0.210 ms[39m
[35m[39m
2024-03-18 21:40:38:4038 [35mhttp[39m: [35m::1 GET /undefined 404 148 - 0.541 ms[39m
[35m[39m
2024-03-18 21:40:58:4058 [35mhttp[39m: [35m::1 GET /undefined 404 148 - 0.299 ms[39m
[35m[39m
2024-03-18 21:45:34:4534 [35mhttp[39m: [35m::1 GET /undefined 404 148 - 0.235 ms[39m
[35m[39m
2024-03-18 21:45:54:4554 [35mhttp[39m: [35m::1 GET /undefined 404 148 - 1.048 ms[39m
[35m[39m
2024-03-18 21:45:57:4557 [35mhttp[39m: [35m::1 GET /undefined 404 148 - 3.979 ms[39m
[35m[39m
2024-03-18 21:47:06:476 [35mhttp[39m: [35m::1 GET /undefined 404 148 - 1.551 ms[39m
[35m[39m
2024-03-18 21:48:11:4811 [35mhttp[39m: [35m::1 GET /undefined 404 148 - 1.589 ms[39m
[35m[39m
2024-03-18 22:04:09:49 [35mhttp[39m: [35m::1 GET /undefined 404 148 - 0.670 ms[39m
[35m[39m
2024-03-18 22:04:10:410 [35mhttp[39m: [35m::1 GET /undefined 404 148 - 0.249 ms[39m
[35m[39m
2024-03-19 10:36:04:364 [32minfo[39m: [32mServer started on PORT 5000...[39m
2024-03-19 10:43:54:4354 [35mhttp[39m: [35m::1 GET /undefined 404 148 - 2.248 ms[39m
[35m[39m
2024-03-19 11:41:55:4155 [32minfo[39m: [32mServer started on PORT 5000...[39m
2024-03-19 11:42:22:4222 [35mhttp[39m: [35m::1 GET /undefined 404 148 - 2.329 ms[39m
[35m[39m
2024-03-19 11:42:24:4224 [35mhttp[39m: [35m::1 GET /undefined 404 148 - 0.830 ms[39m
[35m[39m
2024-03-19 11:42:30:4230 [35mhttp[39m: [35m::1 GET /undefined 404 148 - 0.432 ms[39m
[35m[39m
2024-03-19 11:42:38:4238 [35mhttp[39m: [35m::1 GET /undefined 404 148 - 0.534 ms[39m
[35m[39m
2024-03-19 11:42:45:4245 [35mhttp[39m: [35m::1 GET /undefined 404 148 - 0.572 ms[39m
[35m[39m
2024-03-19 11:42:55:4255 [35mhttp[39m: [35m::1 GET /undefined 404 148 - 0.591 ms[39m
[35m[39m
2024-03-19 11:43:09:439 [35mhttp[39m: [35m::1 GET /undefined 404 148 - 3.253 ms[39m
[35m[39m
2024-03-19 11:43:17:4317 [35mhttp[39m: [35m::1 GET /undefined 404 148 - 0.375 ms[39m
[35m[39m
2024-03-19 11:43:21:4321 [35mhttp[39m: [35m::1 GET /undefined 404 148 - 0.735 ms[39m
[35m[39m
2024-03-19 11:43:38:4338 [35mhttp[39m: [35m::1 GET /undefined 404 148 - 0.499 ms[39m
[35m[39m
2024-03-19 11:43:48:4348 [35mhttp[39m: [35m::1 GET /undefined 404 148 - 0.994 ms[39m
[35m[39m
2024-03-19 11:43:51:4351 [35mhttp[39m: [35m::1 GET /undefined 404 148 - 0.579 ms[39m
[35m[39m
2024-03-19 11:44:00:440 [35mhttp[39m: [35m::1 GET /undefined 404 148 - 1.036 ms[39m
[35m[39m
2024-03-19 11:44:04:444 [35mhttp[39m: [35m::1 GET /undefined 404 148 - 1.641 ms[39m
[35m[39m
